2024-12-10 09:58:52,095 INFO exam.portal.ExamPortalBackendApplication [restartedMain] Starting ExamPortalBackendApplication using Java 17.0.12 on ANAND-PC with PID 8536 (D:\Spring Boot Projects\Exam-Portal-Backend\target\classes started by smart in D:\Spring Boot Projects\Exam-Portal-Backend)
2024-12-10 09:58:52,103 INFO exam.portal.ExamPortalBackendApplication [restartedMain] No active profile set, falling back to 1 default profile: "default"
2024-12-10 09:58:54,492 INFO org.apache.catalina.core.StandardService [restartedMain] Starting service [Tomcat]
2024-12-10 09:58:54,492 INFO org.apache.catalina.core.StandardEngine [restartedMain] Starting Servlet engine: [Apache Tomcat/9.0.65]
2024-12-10 09:58:54,623 INFO org.apache.catalina.core.ContainerBase.[Tomcat].[localhost].[/] [restartedMain] Initializing Spring embedded WebApplicationContext
2024-12-10 09:58:54,885 INFO org.hibernate.jpa.internal.util.LogHelper [restartedMain] HHH000204: Processing PersistenceUnitInfo [name: default]
2024-12-10 09:58:54,970 INFO org.hibernate.Version [restartedMain] HHH000412: Hibernate ORM core version 5.6.11.Final
2024-12-10 09:58:55,184 INFO org.hibernate.annotations.common.Version [restartedMain] HCANN000001: Hibernate Commons Annotations {5.1.2.Final}
2024-12-10 09:58:55,303 INFO com.zaxxer.hikari.HikariDataSource [restartedMain] HikariPool-1 - Starting...
2024-12-10 09:58:55,725 INFO com.zaxxer.hikari.HikariDataSource [restartedMain] HikariPool-1 - Start completed.
2024-12-10 09:58:55,755 INFO org.hibernate.dialect.Dialect [restartedMain] HHH000400: Using dialect: org.hibernate.dialect.SQLServerDialect
2024-12-10 09:58:57,131 INFO org.hibernate.engine.transaction.jta.platform.internal.JtaPlatformInitiator [restartedMain] HHH000490: Using JtaPlatform implementation: [org.hibernate.engine.transaction.jta.platform.internal.NoJtaPlatform]
2024-12-10 09:58:59,564 INFO exam.portal.ExamPortalBackendApplication [restartedMain] Started ExamPortalBackendApplication in 8.131 seconds (JVM running for 9.236)
2024-12-10 10:00:18,125 INFO org.apache.catalina.core.ContainerBase.[Tomcat].[localhost].[/] [http-nio-8080-exec-1] Initializing Spring DispatcherServlet 'dispatcherServlet'
2024-12-10 10:00:18,292 INFO exam.portal.controllers.UserController [http-nio-8080-exec-2] ==== validating user ====
2024-12-10 10:00:21,716 INFO exam.portal.controllers.ExamController [http-nio-8080-exec-4]  === list all user exams ===
2024-12-10 10:00:48,422 INFO exam.portal.controllers.ExamController [http-nio-8080-exec-5]  === list all user exams ===
2024-12-10 10:03:25,597 INFO exam.portal.controllers.ExamController [http-nio-8080-exec-7]  === list all user exams ===
2024-12-10 10:03:44,389 INFO exam.portal.controllers.ExamController [http-nio-8080-exec-8]  === list all user exams ===
2024-12-10 10:05:40,440 INFO exam.portal.controllers.ExamController [http-nio-8080-exec-10]  === list all user exams ===
2024-12-10 10:06:02,356 INFO exam.portal.controllers.ExamController [http-nio-8080-exec-1]  === list all user exams ===
2024-12-10 10:06:05,315 INFO exam.portal.controllers.ExamController [http-nio-8080-exec-2]  === list all user exams ===
2024-12-10 10:06:08,846 INFO exam.portal.controllers.ExamController [http-nio-8080-exec-3]  === list all user exams ===
2024-12-10 10:07:37,053 INFO exam.portal.controllers.ExamController [http-nio-8080-exec-5]  === list all user exams ===
2024-12-10 10:13:16,355 INFO org.springdoc.api.AbstractOpenApiResource [http-nio-8080-exec-4] Init duration for springdoc-openapi is: 613 ms
2024-12-10 10:13:24,565 INFO exam.portal.controllers.ExamController [http-nio-8080-exec-5]  === get exam details ===
2024-12-10 10:13:43,882 INFO exam.portal.controllers.ExamController [http-nio-8080-exec-6]  === list all exam questions ===
2024-12-10 10:14:47,570 INFO exam.portal.controllers.ExamController [http-nio-8080-exec-2]  === list all user exams ===
2024-12-10 10:15:04,380 INFO exam.portal.controllers.ExamController [http-nio-8080-exec-3]  === list all user exams ===
2024-12-10 10:15:47,736 INFO exam.portal.controllers.ExamController [http-nio-8080-exec-4]  === list all exam questions ===
2024-12-10 10:16:08,604 INFO exam.portal.controllers.ExamController [http-nio-8080-exec-5]  === list all exam questions ===
2024-12-10 10:17:35,866 INFO exam.portal.controllers.ExamController [http-nio-8080-exec-7]  === list all exam questions ===
2024-12-10 10:17:50,294 INFO exam.portal.controllers.ExamController [http-nio-8080-exec-1]  === list all exam questions ===
2024-12-10 10:18:00,393 INFO exam.portal.controllers.ExamController [http-nio-8080-exec-9]  === list all exam questions ===
2024-12-10 10:18:16,649 INFO exam.portal.controllers.ExamController [http-nio-8080-exec-8]  === list all exam questions ===
2024-12-10 10:18:29,634 INFO exam.portal.controllers.ExamController [http-nio-8080-exec-10]  === list all exam questions ===
2024-12-10 10:18:37,411 INFO exam.portal.controllers.ExamController [http-nio-8080-exec-2]  === list all exam questions ===
2024-12-10 10:18:44,550 INFO exam.portal.controllers.ExamController [http-nio-8080-exec-3]  === list all exam questions ===
2024-12-10 10:19:25,419 INFO exam.portal.controllers.ExamController [http-nio-8080-exec-4]  === list all exam questions ===
2024-12-10 10:19:38,351 INFO exam.portal.controllers.ExamController [http-nio-8080-exec-5]  === list all exam questions ===
2024-12-10 10:20:22,748 INFO exam.portal.controllers.ExamController [http-nio-8080-exec-6]  === list all exam questions ===
2024-12-10 10:20:34,606 INFO exam.portal.controllers.ExamController [http-nio-8080-exec-7]  === list all exam questions ===
2024-12-10 10:21:15,689 INFO exam.portal.controllers.ExamController [http-nio-8080-exec-1]  === list all exam questions ===
2024-12-10 10:21:48,188 INFO exam.portal.controllers.ExamController [http-nio-8080-exec-9]  === list all exam questions ===
2024-12-10 10:23:09,773 INFO exam.portal.controllers.ExamController [http-nio-8080-exec-10]  === list all exam questions ===
2024-12-10 10:23:22,609 INFO exam.portal.controllers.ExamController [http-nio-8080-exec-2]  === list all exam questions ===
2024-12-10 10:23:42,240 INFO exam.portal.controllers.ExamController [http-nio-8080-exec-3]  === list all exam questions ===
2024-12-10 10:24:08,662 INFO exam.portal.controllers.ExamController [http-nio-8080-exec-4]  === list all exam questions ===
2024-12-10 10:24:42,632 INFO exam.portal.controllers.ExamController [http-nio-8080-exec-5]  === list all exam questions ===
2024-12-10 10:25:15,677 INFO exam.portal.controllers.ExamController [http-nio-8080-exec-6]  === list all exam questions ===
2024-12-10 10:25:29,112 INFO exam.portal.controllers.ExamController [http-nio-8080-exec-7]  === list all exam questions ===
2024-12-10 10:25:56,172 INFO exam.portal.controllers.ExamController [http-nio-8080-exec-1]  === list all exam questions ===
2024-12-10 10:26:04,705 INFO exam.portal.controllers.ExamController [http-nio-8080-exec-9]  === list all exam questions ===
2024-12-10 11:56:53,687 INFO exam.portal.controllers.ExamController [http-nio-8080-exec-10]  === list all exam questions ===
2024-12-10 11:57:26,980 INFO exam.portal.controllers.ExamController [http-nio-8080-exec-2]  === list all exam questions ===
2024-12-10 11:58:15,500 INFO exam.portal.controllers.ExamController [http-nio-8080-exec-3]  === list all exam questions ===
2024-12-10 11:58:27,934 INFO exam.portal.controllers.ExamController [http-nio-8080-exec-4]  === list all exam questions ===
2024-12-10 11:59:04,633 INFO exam.portal.controllers.ExamController [http-nio-8080-exec-5]  === list all exam questions ===
2024-12-10 11:59:07,406 INFO exam.portal.controllers.ExamController [http-nio-8080-exec-6]  === list all exam questions ===
2024-12-10 11:59:21,810 INFO exam.portal.controllers.ExamController [http-nio-8080-exec-7]  === list all exam questions ===
2024-12-10 11:59:51,593 INFO exam.portal.controllers.ExamController [http-nio-8080-exec-1]  === list all exam questions ===
2024-12-10 12:00:22,612 INFO exam.portal.controllers.ExamController [http-nio-8080-exec-9]  === list all exam questions ===
2024-12-10 12:00:27,525 INFO exam.portal.controllers.ExamController [http-nio-8080-exec-8]  === list all exam questions ===
2024-12-10 12:01:17,315 INFO exam.portal.controllers.ExamController [http-nio-8080-exec-10]  === list all exam questions ===
2024-12-10 12:02:03,394 INFO exam.portal.controllers.ExamController [http-nio-8080-exec-2]  === list all exam questions ===
2024-12-10 12:02:26,780 INFO exam.portal.controllers.ExamController [http-nio-8080-exec-3]  === list all exam questions ===
2024-12-10 12:02:56,202 INFO exam.portal.controllers.ExamController [http-nio-8080-exec-4]  === list all exam questions ===
2024-12-10 12:02:59,991 INFO exam.portal.controllers.ExamController [http-nio-8080-exec-5]  === list all exam questions ===
2024-12-10 12:03:20,630 INFO exam.portal.controllers.ExamController [http-nio-8080-exec-6]  === list all exam questions ===
2024-12-10 12:04:16,659 INFO exam.portal.controllers.ExamController [http-nio-8080-exec-7]  === list all exam questions ===
2024-12-10 12:04:21,030 INFO exam.portal.controllers.ExamController [http-nio-8080-exec-1]  === list all exam questions ===
2024-12-10 12:05:01,641 INFO exam.portal.controllers.ExamController [http-nio-8080-exec-9]  === list all exam questions ===
2024-12-10 12:06:02,865 INFO exam.portal.controllers.ExamController [http-nio-8080-exec-10]  === list all exam questions ===
2024-12-10 12:06:36,756 INFO exam.portal.controllers.ExamController [http-nio-8080-exec-2]  === list all exam questions ===
2024-12-10 12:06:45,587 INFO exam.portal.controllers.ExamController [http-nio-8080-exec-3]  === list all exam questions ===
2024-12-10 12:07:48,772 INFO exam.portal.controllers.ExamController [http-nio-8080-exec-5]  === list all exam questions ===
2024-12-10 12:07:53,794 INFO exam.portal.controllers.ExamController [http-nio-8080-exec-6]  === list all exam questions ===
2024-12-10 12:08:28,376 INFO exam.portal.controllers.ExamController [http-nio-8080-exec-7]  === list all exam questions ===
2024-12-10 12:09:36,785 INFO exam.portal.controllers.ExamController [http-nio-8080-exec-9]  === list all exam questions ===
2024-12-10 12:11:40,842 INFO exam.portal.controllers.ExamController [http-nio-8080-exec-10]  === list all exam questions ===
2024-12-10 12:12:02,697 INFO exam.portal.controllers.ExamController [http-nio-8080-exec-2]  === list all exam questions ===
2024-12-10 12:45:26,456 INFO exam.portal.controllers.ExamController [http-nio-8080-exec-4]  === list all exam questions ===
2024-12-10 12:46:18,812 INFO exam.portal.controllers.ExamController [http-nio-8080-exec-5]  === list all exam questions ===
2024-12-10 12:46:30,175 INFO exam.portal.controllers.ExamController [http-nio-8080-exec-7]  === exam submitted ===
2024-12-10 12:46:30,261 INFO exam.portal.services.ExamService [http-nio-8080-exec-7]  qid 1 ans 1 uans 1
2024-12-10 12:46:30,265 INFO exam.portal.services.ExamService [http-nio-8080-exec-7]  qid 3 ans 2 uans 2
2024-12-10 12:46:30,273 INFO exam.portal.services.ExamService [http-nio-8080-exec-7]  qid 5 ans 2 uans 2
2024-12-10 12:46:30,277 INFO exam.portal.services.ExamService [http-nio-8080-exec-7]  qid 6 ans 3 uans 3
2024-12-10 12:46:31,907 INFO exam.portal.controllers.ExamController [http-nio-8080-exec-1]  === list all user exams ===
2024-12-10 13:00:57,208 INFO exam.portal.controllers.ExamController [http-nio-8080-exec-2]  === list all user exams ===
2024-12-10 13:01:50,745 INFO exam.portal.controllers.ExamController [http-nio-8080-exec-3]  === get exam details ===
2024-12-10 13:03:40,765 INFO exam.portal.controllers.ExamController [http-nio-8080-exec-6]  === list all user exams ===
2024-12-10 13:03:56,765 INFO exam.portal.controllers.ExamController [http-nio-8080-exec-7]  === list all user exams ===
2024-12-10 13:05:18,816 INFO exam.portal.controllers.ExamController [http-nio-8080-exec-9]  === list all user exams ===
2024-12-10 13:05:35,717 INFO exam.portal.controllers.ExamController [http-nio-8080-exec-8]  === list all user exams ===
2024-12-10 13:07:46,453 INFO exam.portal.controllers.ExamController [http-nio-8080-exec-2]  === get exam details ===
2024-12-10 13:08:22,382 INFO exam.portal.controllers.ExamController [http-nio-8080-exec-3]  === get exam details ===
2024-12-10 13:08:33,132 INFO exam.portal.controllers.ExamController [http-nio-8080-exec-4]  === get exam details ===
2024-12-10 13:08:42,294 INFO exam.portal.controllers.ExamController [http-nio-8080-exec-5]  === get exam details ===
2024-12-10 13:09:17,664 INFO exam.portal.controllers.ExamController [http-nio-8080-exec-6]  === get exam details ===
2024-12-10 13:09:42,565 INFO exam.portal.controllers.ExamController [http-nio-8080-exec-7]  === get exam details ===
2024-12-10 13:10:01,070 INFO exam.portal.controllers.ExamController [http-nio-8080-exec-1]  === get exam details ===
2024-12-10 13:13:56,918 INFO exam.portal.controllers.ExamController [http-nio-8080-exec-8]  === get exam details ===
2024-12-10 13:14:00,713 INFO exam.portal.controllers.UserController [http-nio-8080-exec-2] ==== validating user ====
2024-12-10 13:14:03,709 INFO exam.portal.controllers.ExamController [http-nio-8080-exec-4]  === list all user exams ===
2024-12-10 13:14:04,597 INFO exam.portal.controllers.ExamController [http-nio-8080-exec-5]  === get exam details ===
2024-12-10 13:14:11,414 INFO exam.portal.controllers.ExamController [http-nio-8080-exec-6]  === get exam details ===
2024-12-10 13:14:32,509 INFO exam.portal.controllers.ExamController [http-nio-8080-exec-7]  === get exam details ===
2024-12-10 13:14:54,517 INFO exam.portal.controllers.ExamController [http-nio-8080-exec-1]  === get exam details ===
2024-12-10 13:15:01,127 INFO exam.portal.controllers.UserController [http-nio-8080-exec-9] ==== validating user ====
2024-12-10 13:15:04,241 INFO exam.portal.controllers.ExamController [http-nio-8080-exec-8]  === list all exams ===
2024-12-10 13:15:17,110 INFO exam.portal.controllers.UserController [http-nio-8080-exec-10] === Get user list ====
2024-12-10 13:15:17,908 INFO exam.portal.controllers.UserController [http-nio-8080-exec-2] === Get user list ====
2024-12-10 13:15:20,007 INFO exam.portal.controllers.CategoryController [http-nio-8080-exec-3]  === list category ===
2024-12-10 13:15:20,842 INFO exam.portal.controllers.UserController [http-nio-8080-exec-4] === Get user list ====
2024-12-10 13:15:21,925 INFO exam.portal.controllers.UserController [http-nio-8080-exec-5] === Get user list ====
2024-12-10 13:15:22,661 INFO exam.portal.controllers.ExamController [http-nio-8080-exec-6]  === list all exams ===
2024-12-10 13:15:30,335 INFO com.zaxxer.hikari.HikariDataSource [SpringApplicationShutdownHook] HikariPool-1 - Shutdown initiated...
2024-12-10 13:15:30,340 INFO com.zaxxer.hikari.HikariDataSource [SpringApplicationShutdownHook] HikariPool-1 - Shutdown completed.
2024-12-10 16:38:47,581 INFO exam.portal.ExamPortalBackendApplication [restartedMain] Starting ExamPortalBackendApplication using Java 17.0.12 on ANAND-PC with PID 8676 (D:\Spring Boot Projects\Exam-Portal-Backend\target\classes started by smart in D:\Spring Boot Projects\Exam-Portal-Backend)
2024-12-10 16:38:47,647 INFO exam.portal.ExamPortalBackendApplication [restartedMain] No active profile set, falling back to 1 default profile: "default"
2024-12-10 16:38:50,430 INFO org.apache.catalina.core.StandardService [restartedMain] Starting service [Tomcat]
2024-12-10 16:38:50,431 INFO org.apache.catalina.core.StandardEngine [restartedMain] Starting Servlet engine: [Apache Tomcat/9.0.65]
2024-12-10 16:38:50,592 INFO org.apache.catalina.core.ContainerBase.[Tomcat].[localhost].[/] [restartedMain] Initializing Spring embedded WebApplicationContext
2024-12-10 16:38:50,948 INFO org.hibernate.jpa.internal.util.LogHelper [restartedMain] HHH000204: Processing PersistenceUnitInfo [name: default]
2024-12-10 16:38:51,059 INFO org.hibernate.Version [restartedMain] HHH000412: Hibernate ORM core version 5.6.11.Final
2024-12-10 16:38:51,373 INFO org.hibernate.annotations.common.Version [restartedMain] HCANN000001: Hibernate Commons Annotations {5.1.2.Final}
2024-12-10 16:38:51,537 INFO com.zaxxer.hikari.HikariDataSource [restartedMain] HikariPool-1 - Starting...
2024-12-10 16:38:52,017 INFO com.zaxxer.hikari.HikariDataSource [restartedMain] HikariPool-1 - Start completed.
2024-12-10 16:38:52,046 INFO org.hibernate.dialect.Dialect [restartedMain] HHH000400: Using dialect: org.hibernate.dialect.SQLServerDialect
2024-12-10 16:38:57,727 INFO org.hibernate.engine.transaction.jta.platform.internal.JtaPlatformInitiator [restartedMain] HHH000490: Using JtaPlatform implementation: [org.hibernate.engine.transaction.jta.platform.internal.NoJtaPlatform]
2024-12-10 16:39:00,127 INFO exam.portal.ExamPortalBackendApplication [restartedMain] Started ExamPortalBackendApplication in 13.357 seconds (JVM running for 14.603)
2024-12-10 16:39:02,717 INFO com.zaxxer.hikari.HikariDataSource [SpringApplicationShutdownHook] HikariPool-1 - Shutdown initiated...
2024-12-10 16:39:02,724 INFO com.zaxxer.hikari.HikariDataSource [SpringApplicationShutdownHook] HikariPool-1 - Shutdown completed.
2024-12-10 16:41:37,853 INFO exam.portal.ExamPortalBackendApplication [restartedMain] Starting ExamPortalBackendApplication using Java 17.0.12 on ANAND-PC with PID 10292 (D:\Spring Boot Projects\Exam-Portal-Backend\target\classes started by smart in D:\Spring Boot Projects\Exam-Portal-Backend)
2024-12-10 16:41:37,855 INFO exam.portal.ExamPortalBackendApplication [restartedMain] No active profile set, falling back to 1 default profile: "default"
2024-12-10 16:41:40,973 INFO org.apache.catalina.core.StandardService [restartedMain] Starting service [Tomcat]
2024-12-10 16:41:40,973 INFO org.apache.catalina.core.StandardEngine [restartedMain] Starting Servlet engine: [Apache Tomcat/9.0.65]
2024-12-10 16:41:41,099 INFO org.apache.catalina.core.ContainerBase.[Tomcat].[localhost].[/] [restartedMain] Initializing Spring embedded WebApplicationContext
2024-12-10 16:41:41,371 INFO org.hibernate.jpa.internal.util.LogHelper [restartedMain] HHH000204: Processing PersistenceUnitInfo [name: default]
2024-12-10 16:41:41,444 INFO org.hibernate.Version [restartedMain] HHH000412: Hibernate ORM core version 5.6.11.Final
2024-12-10 16:41:41,751 INFO org.hibernate.annotations.common.Version [restartedMain] HCANN000001: Hibernate Commons Annotations {5.1.2.Final}
2024-12-10 16:41:42,027 INFO com.zaxxer.hikari.HikariDataSource [restartedMain] HikariPool-1 - Starting...
2024-12-10 16:41:44,487 INFO com.zaxxer.hikari.HikariDataSource [restartedMain] HikariPool-1 - Start completed.
2024-12-10 16:41:44,534 INFO org.hibernate.dialect.Dialect [restartedMain] HHH000400: Using dialect: org.hibernate.dialect.SQLServerDialect
2024-12-10 16:41:47,618 INFO org.hibernate.engine.transaction.jta.platform.internal.JtaPlatformInitiator [restartedMain] HHH000490: Using JtaPlatform implementation: [org.hibernate.engine.transaction.jta.platform.internal.NoJtaPlatform]
2024-12-10 16:41:56,546 INFO exam.portal.ExamPortalBackendApplication [restartedMain] Started ExamPortalBackendApplication in 19.319 seconds (JVM running for 20.24)
2024-12-10 16:42:17,144 INFO org.apache.catalina.core.ContainerBase.[Tomcat].[localhost].[/] [http-nio-8080-exec-1] Initializing Spring DispatcherServlet 'dispatcherServlet'
2024-12-10 16:42:18,537 INFO org.springdoc.api.AbstractOpenApiResource [http-nio-8080-exec-9] Init duration for springdoc-openapi is: 906 ms
2024-12-10 16:45:15,550 INFO exam.portal.controllers.UserController [http-nio-8080-exec-4] ==== validating user ====
2024-12-10 16:46:33,498 INFO exam.portal.controllers.UserController [http-nio-8080-exec-2] Received ravi@gmail.com
2024-12-10 16:46:40,234 INFO exam.portal.controllers.UserController [http-nio-8080-exec-3] === Get user list ====
2024-12-10 16:46:47,284 INFO exam.portal.controllers.UserController [http-nio-8080-exec-6] === Get user list ====
2024-12-10 16:46:51,319 INFO exam.portal.controllers.UserController [http-nio-8080-exec-7] === Get user list ====
2024-12-10 16:52:01,274 INFO exam.portal.ExamPortalBackendApplication [restartedMain] Starting ExamPortalBackendApplication using Java 17.0.12 on ANAND-PC with PID 4652 (D:\Spring Boot Projects\Exam-Portal-Backend\target\classes started by smart in D:\Spring Boot Projects\Exam-Portal-Backend)
2024-12-10 16:52:01,298 INFO exam.portal.ExamPortalBackendApplication [restartedMain] No active profile set, falling back to 1 default profile: "default"
2024-12-10 16:52:07,920 INFO org.apache.catalina.core.StandardService [restartedMain] Starting service [Tomcat]
2024-12-10 16:52:07,921 INFO org.apache.catalina.core.StandardEngine [restartedMain] Starting Servlet engine: [Apache Tomcat/9.0.65]
2024-12-10 16:52:08,229 INFO org.apache.catalina.core.ContainerBase.[Tomcat].[localhost].[/] [restartedMain] Initializing Spring embedded WebApplicationContext
2024-12-10 16:52:09,077 INFO org.hibernate.jpa.internal.util.LogHelper [restartedMain] HHH000204: Processing PersistenceUnitInfo [name: default]
2024-12-10 16:52:09,251 INFO org.hibernate.Version [restartedMain] HHH000412: Hibernate ORM core version 5.6.11.Final
2024-12-10 16:52:09,790 INFO org.hibernate.annotations.common.Version [restartedMain] HCANN000001: Hibernate Commons Annotations {5.1.2.Final}
2024-12-10 16:52:10,084 INFO com.zaxxer.hikari.HikariDataSource [restartedMain] HikariPool-1 - Starting...
2024-12-10 16:52:11,136 INFO com.zaxxer.hikari.HikariDataSource [restartedMain] HikariPool-1 - Start completed.
2024-12-10 16:52:11,192 INFO org.hibernate.dialect.Dialect [restartedMain] HHH000400: Using dialect: org.hibernate.dialect.SQLServerDialect
2024-12-10 16:52:14,537 INFO org.hibernate.engine.transaction.jta.platform.internal.JtaPlatformInitiator [restartedMain] HHH000490: Using JtaPlatform implementation: [org.hibernate.engine.transaction.jta.platform.internal.NoJtaPlatform]
2024-12-10 16:52:21,096 INFO exam.portal.ExamPortalBackendApplication [restartedMain] Started ExamPortalBackendApplication in 22.064 seconds (JVM running for 23.577)
2024-12-10 16:52:21,648 INFO org.apache.catalina.core.ContainerBase.[Tomcat].[localhost].[/] [http-nio-8080-exec-3] Initializing Spring DispatcherServlet 'dispatcherServlet'
2024-12-10 16:52:24,603 INFO org.springdoc.api.AbstractOpenApiResource [http-nio-8080-exec-10] Init duration for springdoc-openapi is: 954 ms
2024-12-10 16:52:32,952 INFO exam.portal.controllers.UserController [http-nio-8080-exec-4] ==== validating user ====
2024-12-10 16:54:31,870 INFO exam.portal.controllers.UserController [http-nio-8080-exec-6] === Get user list ====
2024-12-10 16:54:33,912 INFO exam.portal.controllers.CategoryController [http-nio-8080-exec-10]  === list category ===
2024-12-10 16:54:40,240 INFO exam.portal.controllers.CategoryController [http-nio-8080-exec-3]  === list category ===
2024-12-10 16:54:42,300 INFO exam.portal.controllers.CategoryController [http-nio-8080-exec-4]  === list category ===
2024-12-10 16:54:44,127 INFO exam.portal.controllers.UserController [http-nio-8080-exec-2] === Get user list ====
2024-12-10 16:54:46,111 INFO exam.portal.controllers.UserController [http-nio-8080-exec-8] === Get user list ====
2024-12-10 16:54:48,307 INFO exam.portal.controllers.ExamController [http-nio-8080-exec-7]  === list all exams ===
2024-12-10 16:54:59,937 INFO exam.portal.controllers.ExamController [http-nio-8080-exec-1]  === list all exams ===
2024-12-10 16:55:02,492 INFO exam.portal.controllers.ExamController [http-nio-8080-exec-5]  === list all exams ===
2024-12-10 16:55:05,520 INFO exam.portal.controllers.CategoryController [http-nio-8080-exec-9]  === list category ===
2024-12-10 16:55:07,281 INFO exam.portal.controllers.UserController [http-nio-8080-exec-6] === Get user list ====
2024-12-10 16:55:08,038 INFO exam.portal.controllers.UserController [http-nio-8080-exec-10] === Get user list ====
2024-12-10 16:55:08,786 INFO exam.portal.controllers.ExamController [http-nio-8080-exec-3]  === list all exams ===
2024-12-10 16:56:08,888 INFO exam.portal.controllers.CategoryController [http-nio-8080-exec-4]  === list category ===
2024-12-10 16:56:09,582 INFO exam.portal.controllers.UserController [http-nio-8080-exec-2] === Get user list ====
2024-12-10 16:56:10,230 INFO exam.portal.controllers.UserController [http-nio-8080-exec-8] === Get user list ====
2024-12-10 16:56:29,128 INFO exam.portal.controllers.UserController [http-nio-8080-exec-7] === Get user list ====
2024-12-10 16:56:36,388 INFO exam.portal.controllers.UserController [http-nio-8080-exec-1] === Get user list ====
2024-12-10 16:56:39,704 INFO exam.portal.controllers.UserController [http-nio-8080-exec-5] === Get user list ====
2024-12-10 16:56:52,389 INFO exam.portal.controllers.UserController [http-nio-8080-exec-9] === Get user list ====
2024-12-10 16:56:54,720 INFO exam.portal.controllers.CategoryController [http-nio-8080-exec-6]  === list category ===
2024-12-10 16:56:55,343 INFO exam.portal.controllers.UserController [http-nio-8080-exec-10] === Get user list ====
2024-12-10 16:56:56,173 INFO exam.portal.controllers.UserController [http-nio-8080-exec-3] === Get user list ====
2024-12-10 16:56:56,768 INFO exam.portal.controllers.ExamController [http-nio-8080-exec-4]  === list all exams ===
2024-12-10 16:56:58,719 INFO exam.portal.controllers.UserController [http-nio-8080-exec-2] === Get user list ====
2024-12-10 16:56:59,233 INFO exam.portal.controllers.UserController [http-nio-8080-exec-8] === Get user list ====
2024-12-10 16:56:59,655 INFO exam.portal.controllers.CategoryController [http-nio-8080-exec-7]  === list category ===
2024-12-10 16:58:15,724 INFO exam.portal.controllers.CategoryController [http-nio-8080-exec-5]  === list category ===
2024-12-10 16:58:16,737 INFO exam.portal.controllers.UserController [http-nio-8080-exec-9] === Get user list ====
2024-12-10 16:58:17,542 INFO exam.portal.controllers.UserController [http-nio-8080-exec-6] === Get user list ====
2024-12-10 16:58:18,531 INFO exam.portal.controllers.ExamController [http-nio-8080-exec-10]  === list all exams ===
2024-12-10 16:58:19,905 INFO exam.portal.controllers.UserController [http-nio-8080-exec-3] === Get user list ====
2024-12-10 16:58:21,109 INFO exam.portal.controllers.CategoryController [http-nio-8080-exec-4]  === list category ===
2024-12-10 16:58:21,510 INFO exam.portal.controllers.UserController [http-nio-8080-exec-2] === Get user list ====
2024-12-10 16:58:21,943 INFO exam.portal.controllers.UserController [http-nio-8080-exec-8] === Get user list ====
2024-12-10 16:58:22,788 INFO exam.portal.controllers.ExamController [http-nio-8080-exec-7]  === list all exams ===
2024-12-10 16:58:26,055 INFO exam.portal.controllers.CategoryController [http-nio-8080-exec-1]  === list category ===
2024-12-10 16:58:26,583 INFO exam.portal.controllers.UserController [http-nio-8080-exec-5] === Get user list ====
2024-12-10 16:58:27,015 INFO exam.portal.controllers.UserController [http-nio-8080-exec-9] === Get user list ====
2024-12-10 16:58:27,473 INFO exam.portal.controllers.ExamController [http-nio-8080-exec-6]  === list all exams ===
2024-12-10 16:58:27,959 INFO exam.portal.controllers.UserController [http-nio-8080-exec-10] === Get user list ====
2024-12-10 16:58:28,385 INFO exam.portal.controllers.UserController [http-nio-8080-exec-3] === Get user list ====
2024-12-10 16:58:28,814 INFO exam.portal.controllers.CategoryController [http-nio-8080-exec-4]  === list category ===
2024-12-10 16:58:50,652 INFO exam.portal.controllers.UserController [http-nio-8080-exec-2] ==== validating user ====
2024-12-10 16:58:53,276 INFO exam.portal.controllers.CategoryController [http-nio-8080-exec-8]  === list category ===
2024-12-10 16:58:54,064 INFO exam.portal.controllers.UserController [http-nio-8080-exec-7] === Get user list ====
2024-12-10 16:58:55,096 INFO exam.portal.controllers.UserController [http-nio-8080-exec-1] === Get user list ====
2024-12-10 16:58:56,180 INFO exam.portal.controllers.ExamController [http-nio-8080-exec-5]  === list all exams ===
2024-12-10 16:58:57,920 INFO exam.portal.controllers.UserController [http-nio-8080-exec-9] === Get user list ====
2024-12-10 16:58:58,446 INFO exam.portal.controllers.UserController [http-nio-8080-exec-6] === Get user list ====
2024-12-10 16:58:58,927 INFO exam.portal.controllers.CategoryController [http-nio-8080-exec-10]  === list category ===
2024-12-10 16:59:04,625 INFO exam.portal.controllers.UserController [http-nio-8080-exec-3] ==== validating user ====
2024-12-10 16:59:09,656 INFO exam.portal.controllers.QuestionController [http-nio-8080-exec-2]  === list all questions ===
2024-12-10 16:59:13,667 INFO exam.portal.controllers.CategoryController [http-nio-8080-exec-8]  === list category ===
2024-12-10 16:59:51,961 INFO exam.portal.controllers.QuestionController [http-nio-8080-exec-1]  === saving question ===
2024-12-10 16:59:52,066 INFO exam.portal.controllers.QuestionController [http-nio-8080-exec-5]  === list all questions ===
2024-12-10 16:59:54,211 INFO exam.portal.controllers.CategoryController [http-nio-8080-exec-9]  === list category ===
2024-12-10 17:00:23,360 INFO exam.portal.controllers.QuestionController [http-nio-8080-exec-6]  === saving question ===
2024-12-10 17:00:23,406 INFO exam.portal.controllers.QuestionController [http-nio-8080-exec-10]  === list all questions ===
2024-12-10 17:00:27,942 INFO exam.portal.controllers.CategoryController [http-nio-8080-exec-3]  === list category ===
2024-12-10 17:00:48,981 INFO exam.portal.controllers.QuestionController [http-nio-8080-exec-4]  === saving question ===
2024-12-10 17:00:49,031 INFO exam.portal.controllers.QuestionController [http-nio-8080-exec-2]  === list all questions ===
2024-12-10 17:00:56,933 INFO exam.portal.controllers.CategoryController [http-nio-8080-exec-8]  === list category ===
2024-12-10 17:02:09,581 INFO exam.portal.controllers.QuestionController [http-nio-8080-exec-1]  === saving question ===
2024-12-10 17:02:09,630 INFO exam.portal.controllers.QuestionController [http-nio-8080-exec-5]  === list all questions ===
2024-12-10 17:02:23,717 INFO exam.portal.controllers.UserController [http-nio-8080-exec-9] === Get user list ====
2024-12-10 17:02:23,722 INFO exam.portal.controllers.CategoryController [http-nio-8080-exec-10]  === list category ===
2024-12-10 17:02:24,723 INFO exam.portal.controllers.QuestionController [http-nio-8080-exec-3]  === list all questions ===
2024-12-10 17:02:29,467 INFO exam.portal.controllers.CategoryController [http-nio-8080-exec-4]  === list category ===
2024-12-10 17:02:45,272 INFO exam.portal.controllers.QuestionController [http-nio-8080-exec-2]  === saving question ===
2024-12-10 17:02:45,316 INFO exam.portal.controllers.QuestionController [http-nio-8080-exec-8]  === list all questions ===
2024-12-10 17:03:03,516 INFO exam.portal.controllers.CategoryController [http-nio-8080-exec-7]  === list category ===
2024-12-10 17:03:28,900 INFO exam.portal.controllers.QuestionController [http-nio-8080-exec-9]  === saving question ===
2024-12-10 17:03:28,951 INFO exam.portal.controllers.QuestionController [http-nio-8080-exec-10]  === list all questions ===
2024-12-10 17:03:35,053 INFO exam.portal.controllers.UserController [http-nio-8080-exec-6] === Get user list ====
2024-12-10 17:03:35,055 INFO exam.portal.controllers.CategoryController [http-nio-8080-exec-3]  === list category ===
2024-12-10 17:03:41,197 INFO exam.portal.controllers.ExamController [http-nio-8080-exec-8]  === exam saved ===
2024-12-10 17:03:42,601 INFO exam.portal.controllers.CategoryController [http-nio-8080-exec-1]  === list category ===
2024-12-10 17:03:42,601 INFO exam.portal.controllers.UserController [http-nio-8080-exec-7] === Get user list ====
2024-12-10 17:05:42,334 INFO exam.portal.controllers.UserController [http-nio-8080-exec-6] === Get user list ====
2024-12-10 17:05:42,338 INFO exam.portal.controllers.CategoryController [http-nio-8080-exec-4]  === list category ===
2024-12-10 17:05:47,008 INFO exam.portal.controllers.ExamController [http-nio-8080-exec-8]  === exam saved ===
2024-12-10 17:05:51,855 INFO exam.portal.controllers.ExamController [http-nio-8080-exec-1]  === exam saved ===
2024-12-10 17:05:52,958 INFO exam.portal.controllers.UserController [http-nio-8080-exec-7] === Get user list ====
2024-12-10 17:05:52,959 INFO exam.portal.controllers.CategoryController [http-nio-8080-exec-5]  === list category ===
2024-12-10 17:05:58,327 INFO exam.portal.controllers.ExamController [http-nio-8080-exec-10]  === exam saved ===
2024-12-10 17:06:02,887 INFO exam.portal.controllers.ExamController [http-nio-8080-exec-3]  === exam saved ===
2024-12-10 17:06:24,051 INFO exam.portal.controllers.QuestionController [http-nio-8080-exec-4]  === list all questions ===
2024-12-10 17:06:24,852 INFO exam.portal.controllers.UserController [http-nio-8080-exec-2] === Get user list ====
2024-12-10 17:06:24,855 INFO exam.portal.controllers.CategoryController [http-nio-8080-exec-8]  === list category ===
2024-12-10 17:06:34,688 INFO exam.portal.controllers.UserController [http-nio-8080-exec-5] ==== validating user ====
2024-12-10 17:06:36,420 INFO exam.portal.controllers.ExamController [http-nio-8080-exec-9]  === list all user exams ===
2024-12-10 17:06:41,364 INFO exam.portal.controllers.ExamController [http-nio-8080-exec-10]  === list all exam questions ===
2024-12-10 17:06:55,669 INFO exam.portal.controllers.ExamController [http-nio-8080-exec-6]  === exam submitted ===
2024-12-10 17:06:55,714 INFO exam.portal.services.ExamService [http-nio-8080-exec-6]  qid 1 ans 1 uans 1
2024-12-10 17:06:55,719 INFO exam.portal.services.ExamService [http-nio-8080-exec-6]  qid 3 ans 2 uans 2
2024-12-10 17:06:55,724 INFO exam.portal.services.ExamService [http-nio-8080-exec-6]  qid 4 ans 4 uans 4
2024-12-10 17:06:55,728 INFO exam.portal.services.ExamService [http-nio-8080-exec-6]  qid 5 ans 2 uans 2
2024-12-10 17:06:57,156 INFO exam.portal.controllers.ExamController [http-nio-8080-exec-4]  === list all user exams ===
2024-12-10 17:06:59,453 INFO exam.portal.controllers.ExamController [http-nio-8080-exec-8]  === get exam details ===
2024-12-10 17:07:09,057 INFO exam.portal.controllers.UserController [http-nio-8080-exec-2] ==== validating user ====
2024-12-10 17:07:11,422 INFO exam.portal.controllers.ExamController [http-nio-8080-exec-1]  === list all exams ===
2024-12-10 17:07:24,817 INFO exam.portal.controllers.UserController [http-nio-8080-exec-5] === Get user list ====
2024-12-10 17:07:25,704 INFO exam.portal.controllers.UserController [http-nio-8080-exec-7] === Get user list ====
2024-12-10 17:07:26,505 INFO exam.portal.controllers.CategoryController [http-nio-8080-exec-3]  === list category ===
2024-12-10 17:11:27,906 INFO exam.portal.controllers.UserController [http-nio-8080-exec-9] ==== validating user ====
2024-12-10 17:11:31,445 INFO exam.portal.controllers.CategoryController [http-nio-8080-exec-10]  === list category ===
2024-12-10 17:11:33,543 INFO exam.portal.controllers.UserController [http-nio-8080-exec-7] === Get user list ====
2024-12-10 17:11:36,077 INFO exam.portal.controllers.UserController [http-nio-8080-exec-3] === Get user list ====
2024-12-10 17:11:38,966 INFO exam.portal.controllers.ExamController [http-nio-8080-exec-6]  === list all exams ===
2024-12-10 17:11:51,583 INFO exam.portal.controllers.CategoryController [http-nio-8080-exec-4]  === list category ===
2024-12-10 17:11:56,453 INFO exam.portal.controllers.UserController [http-nio-8080-exec-8] === Get user list ====
2024-12-10 17:12:18,610 INFO exam.portal.controllers.UserController [http-nio-8080-exec-5] === Get user list ====
2024-12-10 17:12:24,225 INFO exam.portal.controllers.UserController [http-nio-8080-exec-9] === Get user list ====
2024-12-10 17:14:30,939 INFO exam.portal.controllers.UserController [http-nio-8080-exec-3] === Get user list ====
2024-12-10 17:14:34,499 INFO exam.portal.controllers.ExamController [http-nio-8080-exec-6]  === list all exams ===
2024-12-10 17:14:41,116 INFO exam.portal.controllers.UserController [http-nio-8080-exec-4] ==== validating user ====
2024-12-10 17:14:46,583 INFO exam.portal.controllers.QuestionController [http-nio-8080-exec-2]  === list all questions ===
2024-12-10 17:15:00,177 INFO exam.portal.controllers.CategoryController [http-nio-8080-exec-1]  === list category ===
2024-12-10 17:15:33,732 INFO exam.portal.controllers.QuestionController [http-nio-8080-exec-9]  === saving question ===
2024-12-10 17:15:33,785 INFO exam.portal.controllers.QuestionController [http-nio-8080-exec-10]  === list all questions ===
2024-12-10 17:15:39,953 INFO exam.portal.controllers.UserController [http-nio-8080-exec-7] === Get user list ====
2024-12-10 17:15:39,956 INFO exam.portal.controllers.CategoryController [http-nio-8080-exec-3]  === list category ===
2024-12-10 17:15:50,357 INFO exam.portal.controllers.ExamController [http-nio-8080-exec-8]  === exam saved ===
2024-12-10 17:15:56,346 INFO exam.portal.controllers.ExamController [http-nio-8080-exec-2]  === exam saved ===
2024-12-10 17:16:04,848 INFO exam.portal.controllers.ExamController [http-nio-8080-exec-1]  === exam saved ===
2024-12-10 17:16:05,985 INFO exam.portal.controllers.UserController [http-nio-8080-exec-5] === Get user list ====
2024-12-10 17:16:05,986 INFO exam.portal.controllers.CategoryController [http-nio-8080-exec-9]  === list category ===
2024-12-10 17:16:12,378 INFO exam.portal.controllers.ExamController [http-nio-8080-exec-3]  === exam saved ===
2024-12-10 17:16:16,867 INFO exam.portal.controllers.ExamController [http-nio-8080-exec-7]  === exam saved ===
2024-12-10 17:16:22,922 INFO exam.portal.controllers.ExamController [http-nio-8080-exec-6]  === exam saved ===
2024-12-10 17:16:27,413 INFO exam.portal.controllers.ExamController [http-nio-8080-exec-4]  === exam saved ===
2024-12-10 17:16:40,556 INFO exam.portal.controllers.ExamController [http-nio-8080-exec-8]  === exam saved ===
2024-12-10 17:16:44,604 INFO exam.portal.controllers.QuestionController [http-nio-8080-exec-1]  === list all questions ===
2024-12-10 17:16:45,475 INFO exam.portal.controllers.UserController [http-nio-8080-exec-9] === Get user list ====
2024-12-10 17:16:45,478 INFO exam.portal.controllers.CategoryController [http-nio-8080-exec-10]  === list category ===
2024-12-10 17:16:52,795 INFO exam.portal.controllers.ExamController [http-nio-8080-exec-3]  === exam saved ===
2024-12-10 17:16:53,986 INFO exam.portal.controllers.CategoryController [http-nio-8080-exec-6]  === list category ===
2024-12-10 17:16:53,986 INFO exam.portal.controllers.UserController [http-nio-8080-exec-7] === Get user list ====
2024-12-10 17:17:00,018 INFO exam.portal.controllers.ExamController [http-nio-8080-exec-8]  === exam saved ===
2024-12-10 17:17:12,556 INFO exam.portal.controllers.QuestionController [http-nio-8080-exec-2]  === list all questions ===
2024-12-10 17:17:13,217 INFO exam.portal.controllers.UserController [http-nio-8080-exec-1] === Get user list ====
2024-12-10 17:17:13,226 INFO exam.portal.controllers.CategoryController [http-nio-8080-exec-9]  === list category ===
2024-12-10 17:17:18,554 INFO exam.portal.controllers.ExamController [http-nio-8080-exec-5]  === exam saved ===
2024-12-10 17:17:19,706 INFO exam.portal.controllers.CategoryController [http-nio-8080-exec-6]  === list category ===
2024-12-10 17:17:19,707 INFO exam.portal.controllers.UserController [http-nio-8080-exec-3] === Get user list ====
2024-12-10 17:17:33,142 INFO exam.portal.controllers.UserController [http-nio-8080-exec-4] ==== validating user ====
2024-12-10 17:17:38,177 INFO exam.portal.controllers.ExamController [http-nio-8080-exec-2]  === list all user exams ===
2024-12-10 17:17:50,199 INFO exam.portal.controllers.ExamController [http-nio-8080-exec-1]  === list all exam questions ===
2024-12-10 17:18:31,658 INFO exam.portal.controllers.ExamController [http-nio-8080-exec-6]  === exam submitted ===
2024-12-10 17:18:31,708 INFO exam.portal.services.ExamService [http-nio-8080-exec-6]  qid 7 ans 2 uans 2
2024-12-10 17:18:31,718 INFO exam.portal.services.ExamService [http-nio-8080-exec-6]  qid 8 ans 3 uans 3
2024-12-10 17:18:31,728 INFO exam.portal.services.ExamService [http-nio-8080-exec-6]  qid 9 ans 4 uans 4
2024-12-10 17:18:31,738 INFO exam.portal.services.ExamService [http-nio-8080-exec-6]  qid 10 ans 4 uans 4
2024-12-10 17:18:31,745 INFO exam.portal.services.ExamService [http-nio-8080-exec-6]  qid 11 ans 4 uans 4
2024-12-10 17:18:31,757 INFO exam.portal.services.ExamService [http-nio-8080-exec-6]  qid 12 ans 1 uans 1
2024-12-10 17:18:31,768 INFO exam.portal.services.ExamService [http-nio-8080-exec-6]  qid 13 ans 3 uans 3
2024-12-10 17:18:32,961 INFO exam.portal.controllers.ExamController [http-nio-8080-exec-3]  === list all user exams ===
2024-12-10 17:18:36,534 INFO exam.portal.controllers.ExamController [http-nio-8080-exec-7]  === get exam details ===
2024-12-10 17:18:47,013 INFO exam.portal.controllers.ExamController [http-nio-8080-exec-4]  === list all user exams ===
2024-12-10 17:18:48,220 INFO exam.portal.controllers.ExamController [http-nio-8080-exec-8]  === list all exam questions ===
2024-12-10 17:18:54,979 INFO exam.portal.controllers.ExamController [http-nio-8080-exec-2]  === exam submitted ===
2024-12-10 17:18:55,016 INFO exam.portal.services.ExamService [http-nio-8080-exec-2]  qid 1 ans 1 uans 1
2024-12-10 17:18:56,031 INFO exam.portal.controllers.ExamController [http-nio-8080-exec-1]  === list all user exams ===
2024-12-10 17:18:57,819 INFO exam.portal.controllers.ExamController [http-nio-8080-exec-9]  === get exam details ===
2024-12-10 17:19:03,198 INFO exam.portal.controllers.ExamController [http-nio-8080-exec-10]  === list all user exams ===
2024-12-10 17:19:06,453 INFO exam.portal.controllers.UserController [http-nio-8080-exec-5] ==== validating user ====
2024-12-10 17:19:09,061 INFO exam.portal.controllers.ExamController [http-nio-8080-exec-6]  === list all exams ===
2024-12-10 17:20:35,776 INFO exam.portal.controllers.UserController [http-nio-8080-exec-1] ==== validating user ====
2024-12-10 17:21:40,867 INFO com.zaxxer.hikari.HikariDataSource [SpringApplicationShutdownHook] HikariPool-1 - Shutdown initiated...
2024-12-10 17:21:40,872 INFO com.zaxxer.hikari.HikariDataSource [SpringApplicationShutdownHook] HikariPool-1 - Shutdown completed.
2024-12-10 17:34:37,952 INFO exam.portal.ExamPortalBackendApplication [restartedMain] Starting ExamPortalBackendApplication using Java 21.0.2 on shREYZ with PID 21936 (D:\exam\exam-backend\target\classes started by Shreyank in D:\exam\exam-backend)
2024-12-10 17:34:37,953 INFO exam.portal.ExamPortalBackendApplication [restartedMain] No active profile set, falling back to 1 default profile: "default"
2024-12-10 17:34:39,369 INFO org.apache.catalina.core.StandardService [restartedMain] Starting service [Tomcat]
2024-12-10 17:34:39,369 INFO org.apache.catalina.core.StandardEngine [restartedMain] Starting Servlet engine: [Apache Tomcat/9.0.65]
2024-12-10 17:34:39,439 INFO org.apache.catalina.core.ContainerBase.[Tomcat].[localhost].[/] [restartedMain] Initializing Spring embedded WebApplicationContext
2024-12-10 17:34:39,636 INFO org.hibernate.jpa.internal.util.LogHelper [restartedMain] HHH000204: Processing PersistenceUnitInfo [name: default]
2024-12-10 17:34:39,691 INFO org.hibernate.Version [restartedMain] HHH000412: Hibernate ORM core version 5.6.11.Final
2024-12-10 17:34:39,833 INFO org.hibernate.annotations.common.Version [restartedMain] HCANN000001: Hibernate Commons Annotations {5.1.2.Final}
2024-12-10 17:34:39,927 INFO com.zaxxer.hikari.HikariDataSource [restartedMain] HikariPool-1 - Starting...
2024-12-10 17:34:40,312 INFO com.zaxxer.hikari.HikariDataSource [restartedMain] HikariPool-1 - Start completed.
2024-12-10 17:34:40,331 INFO org.hibernate.dialect.Dialect [restartedMain] HHH000400: Using dialect: org.hibernate.dialect.SQLServerDialect
2024-12-10 17:34:41,214 INFO org.hibernate.engine.transaction.jta.platform.internal.JtaPlatformInitiator [restartedMain] HHH000490: Using JtaPlatform implementation: [org.hibernate.engine.transaction.jta.platform.internal.NoJtaPlatform]
2024-12-10 17:34:42,995 INFO exam.portal.ExamPortalBackendApplication [restartedMain] Started ExamPortalBackendApplication in 5.423 seconds (JVM running for 6.008)
2024-12-10 17:35:02,476 INFO org.apache.catalina.core.ContainerBase.[Tomcat].[localhost].[/] [http-nio-8080-exec-1] Initializing Spring DispatcherServlet 'dispatcherServlet'
2024-12-10 17:35:02,581 INFO exam.portal.controllers.UserController [http-nio-8080-exec-2] ==== validating user ====
2024-12-10 17:35:08,416 INFO org.springdoc.api.AbstractOpenApiResource [http-nio-8080-exec-10] Init duration for springdoc-openapi is: 316 ms
2024-12-10 17:35:50,848 INFO exam.portal.controllers.UserController [http-nio-8080-exec-2] ==== validating user ====
2024-12-10 17:37:16,169 INFO exam.portal.controllers.UserController [http-nio-8080-exec-9] ==== validating user ====
2024-12-10 17:37:21,493 INFO exam.portal.controllers.UserController [http-nio-8080-exec-10] ==== validating user ====
2024-12-10 17:38:40,633 INFO exam.portal.controllers.UserController [http-nio-8080-exec-6] ==== validating user ====
2024-12-10 17:38:50,851 INFO exam.portal.controllers.UserController [http-nio-8080-exec-8] ==== validating user ====
2024-12-10 17:38:54,693 INFO exam.portal.controllers.CategoryController [http-nio-8080-exec-5]  === list category ===
2024-12-10 17:39:00,071 INFO exam.portal.controllers.CategoryController [http-nio-8080-exec-10]  === saving category ===
2024-12-10 17:39:01,139 INFO exam.portal.controllers.CategoryController [http-nio-8080-exec-1]  === list category ===
2024-12-10 17:39:04,910 INFO exam.portal.controllers.CategoryController [http-nio-8080-exec-2]  === saving category ===
2024-12-10 17:39:05,750 INFO exam.portal.controllers.CategoryController [http-nio-8080-exec-7]  === list category ===
2024-12-10 17:39:08,099 INFO exam.portal.controllers.UserController [http-nio-8080-exec-4] === Get user list ====
2024-12-10 17:39:26,571 INFO exam.portal.controllers.UserController [http-nio-8080-exec-8] === Get user list ====
2024-12-10 17:39:28,938 INFO exam.portal.controllers.UserController [http-nio-8080-exec-5] === Get user list ====
2024-12-10 17:39:50,974 INFO exam.portal.controllers.UserController [http-nio-8080-exec-1] === Get user list ====
2024-12-10 17:40:03,103 INFO exam.portal.controllers.UserController [http-nio-8080-exec-2] ==== validating user ====
2024-12-10 17:40:05,493 INFO exam.portal.controllers.QuestionController [http-nio-8080-exec-4]  === list all questions ===
2024-12-10 17:40:07,033 INFO exam.portal.controllers.CategoryController [http-nio-8080-exec-3]  === list category ===
2024-12-10 17:40:26,927 INFO exam.portal.controllers.QuestionController [http-nio-8080-exec-8]  === saving question ===
2024-12-10 17:40:26,970 INFO exam.portal.controllers.QuestionController [http-nio-8080-exec-5]  === list all questions ===
2024-12-10 17:40:30,133 INFO exam.portal.controllers.CategoryController [http-nio-8080-exec-9]  === list category ===
2024-12-10 17:40:49,870 INFO exam.portal.controllers.QuestionController [http-nio-8080-exec-10]  === saving question ===
2024-12-10 17:40:49,891 INFO exam.portal.controllers.QuestionController [http-nio-8080-exec-1]  === list all questions ===
2024-12-10 17:40:53,400 INFO exam.portal.controllers.UserController [http-nio-8080-exec-2] === Get user list ====
2024-12-10 17:40:53,400 INFO exam.portal.controllers.CategoryController [http-nio-8080-exec-4]  === list category ===
2024-12-10 17:40:59,281 INFO exam.portal.controllers.ExamController [http-nio-8080-exec-6]  === exam saved ===
2024-12-10 17:41:00,977 INFO exam.portal.controllers.UserController [http-nio-8080-exec-8] === Get user list ====
2024-12-10 17:41:00,977 INFO exam.portal.controllers.CategoryController [http-nio-8080-exec-5]  === list category ===
2024-12-10 17:41:09,772 INFO exam.portal.controllers.UserController [http-nio-8080-exec-10] ==== validating user ====
2024-12-10 17:41:11,155 INFO exam.portal.controllers.ExamController [http-nio-8080-exec-4]  === list all user exams ===
2024-12-10 17:41:12,906 INFO exam.portal.controllers.ExamController [http-nio-8080-exec-2]  === list all exam questions ===
2024-12-10 17:41:18,333 INFO exam.portal.controllers.ExamController [http-nio-8080-exec-3]  === exam submitted ===
2024-12-10 17:41:18,364 INFO exam.portal.services.ExamService [http-nio-8080-exec-3]  qid 2 ans 2 uans 2
2024-12-10 17:41:19,697 INFO exam.portal.controllers.ExamController [http-nio-8080-exec-6]  === list all user exams ===
2024-12-10 17:41:20,991 INFO exam.portal.controllers.ExamController [http-nio-8080-exec-5]  === get exam details ===
2024-12-10 17:41:30,363 INFO exam.portal.controllers.UserController [http-nio-8080-exec-8] ==== validating user ====
2024-12-10 17:41:31,790 INFO exam.portal.controllers.ExamController [http-nio-8080-exec-9]  === list all exams ===
2024-12-10 17:41:40,206 INFO exam.portal.controllers.UserController [http-nio-8080-exec-10] === Get user list ====
2024-12-10 17:41:42,527 INFO exam.portal.controllers.ExamController [http-nio-8080-exec-1]  === list all exams ===
2024-12-10 17:42:02,828 INFO exam.portal.controllers.CategoryController [http-nio-8080-exec-7]  === list category ===
2024-12-10 17:42:04,039 INFO exam.portal.controllers.UserController [http-nio-8080-exec-3] === Get user list ====
2024-12-10 17:42:04,739 INFO exam.portal.controllers.UserController [http-nio-8080-exec-6] === Get user list ====
2024-12-10 17:42:05,427 INFO exam.portal.controllers.ExamController [http-nio-8080-exec-5]  === list all exams ===
2024-12-10 17:42:06,081 INFO exam.portal.controllers.UserController [http-nio-8080-exec-8] === Get user list ====
2024-12-10 17:42:06,659 INFO exam.portal.controllers.UserController [http-nio-8080-exec-9] === Get user list ====
2024-12-10 17:42:07,181 INFO exam.portal.controllers.CategoryController [http-nio-8080-exec-10]  === list category ===
2024-12-10 17:42:07,830 INFO exam.portal.controllers.UserController [http-nio-8080-exec-1] === Get user list ====
2024-12-10 17:42:08,830 INFO exam.portal.controllers.UserController [http-nio-8080-exec-4] === Get user list ====
2024-12-10 17:42:10,126 INFO exam.portal.controllers.ExamController [http-nio-8080-exec-2]  === list all exams ===
2024-12-10 17:42:10,772 INFO exam.portal.controllers.UserController [http-nio-8080-exec-7] === Get user list ====
2024-12-10 17:42:11,437 INFO exam.portal.controllers.ExamController [http-nio-8080-exec-3]  === list all exams ===
2024-12-10 17:42:14,719 INFO exam.portal.controllers.UserController [http-nio-8080-exec-6] === Get user list ====
